
 Welcome to the MEDSLIK run module

 The spill simulated has the following parameters:
 Date:           15/ 7/2023  hour: 1200
 Location:  lat   41.0000,    lon  18.0000
 Grid coords: x   12.0000,      y   9.4992
 Spill duration:      0. hours
 Length of run:   24 hours
 Total volume:       4.00 tons
 Horiz diffusion distance:      73.48469
  
 Grid details in selected region
 Dimensions:    23   18
 Longitude limits: 17.54167 18.45833
 Latitude limits:  40.64587 41.35420
  
 Land/water mask:
************11111111111
**********1*11111111111
********111111111111111
******11111111111111111
***11111111111111111111
11111111111111111111111
11111111111111111111111
11111111111111111111111
11111111111111111111111
11111111111111111111111
11111111111111111111111
11111111111111111111111
11111111111111111111111
11111111111111111111111
11111111111111111111111
11111111111111111111111
11111111111111111111111
11111111111111111111111
  
 Bathymetry in selected region
    1    1    1    1    1    1    1    1    1    1    1    1    3   23   39   57   77   93  107  109  111  112  118
    1    1    1    1    1    1    1    1    1    1    5    1   13   28   46   69   95  113  118  109  116  123  130
    1    1    1    1    1    1    1    1    2   14   62   80   84   86   98  120  123  125  123  125  128  143  182
    1    1    1    1    1    1   15   52   75   90   98   99  110  112  122  125  124  126  130  158  214  326  432
    1    1    1    1   22   59   76   90   96  101  102  113  116  118  122  124  128  149  175  460  473  588  609
   11   29   48   64   80   89   96  101  106  109  111  113  118  120  124  141  213  362  504  598  663  696  719
   44   61   78   88   97  100  105  109  110  111  115  113  115  124  142  307  540  608  682  722  750  767  781
   75   85   97  103  107  110  112  111  109  112  115  120  125  139  205  351  568  709  756  767  795  809  824
   95  107  112  112  120  120  121  124  126  129  134  138  156  188  316  557  672  766  801  829  835  849  860
  118  116  124  128  130  131  136  133  160  156  166  189  256  406  556  697  770  812  834  853  866  888  897
  138  145  160  314  335  227  254  298  420  516  587  637  651  744  782  825  857  872  897  918  889  893  929
  326  262  521  312  514  646  664  658  766  795  873  870  877  902  917  914  925  932  931  944  943  946  944
  579  700  778  792  804  839  859  896  943  970  968  975  982  991  997  967  978  984  978  973  995  971  972
  650  710  775  815  863  897  935  956  999 1007 1001 1059 1049 1040 1049 1054 1040 1026 1013 1015 1016 1011 1019
  751  806  852  891  926  968  992 1017 1060 1060 1062 1072 1072 1028 1084 1080 1074 1022 1030 1036 1044 1030 1032
  851  888  941  976 1004 1028 1045 1080 1089 1099 1092 1089 1115 1109 1100 1098 1102 1074 1064 1068 1059 1053 1038
  940  961  994 1027 1065 1083 1110 1129 1122 1129 1110 1113 1124 1123 1116 1118 1108 1101 1086 1083 1086 1069 1054
 1020 1039 1065 1081 1100 1128 1138 1143 1142 1138 1148 1142 1129 1138 1138 1123 1121 1106 1107 1089 1090 1075 1056
 Random seed =       451110
 Total bbls released =    28.428575992373183     
 Total no of parcels =         1000
 Bbls per parcel     =    2.8428575992373185E-002
 No of minispills    =            1
 Parcels per m_spill =         1000
  
 initial mini-slick radii =    8.4729484740538208        18.946088757837458     
  
 Initial minispill properties:
   0.0000000000000000     
   2.0000000000000000E-002   225.53762531434307        4.5107525062868614     
   1.0000000000000001E-005   902.15050125737230        9.0215050125737242E-003
   4.0079999999999994E-003   1127.6881265717154        4.5197740112994351     
   0.0000000000000000        0.0000000000000000        0.0000000000000000     
   2.0000000000000000E-002   225.53762531434307        4.5107525062868614     
   0.0000000000000000        0.0000000000000000        0.0000000000000000     
   0.0000000000000000        0.0000000000000000     
  
 Frcst files and file times from 0 hrs on spill day
          12    merc23071512.mrc   11.500000000000000     
          13    merc23071513.mrc   12.500000000000000     
          14    merc23071514.mrc   13.500000000000000     
          15    merc23071515.mrc   14.500000000000000     
          16    merc23071516.mrc   15.500000000000000     
          17    merc23071517.mrc   16.500000000000000     
          18    merc23071518.mrc   17.500000000000000     
          19    merc23071519.mrc   18.500000000000000     
          20    merc23071520.mrc   19.500000000000000     
          21    merc23071521.mrc   20.500000000000000     
          22    merc23071522.mrc   21.500000000000000     
          23    merc23071523.mrc   22.500000000000000     
          24    merc23071524.mrc   23.500000000000000     
          25    merc23071601.mrc   24.500000000000000     
          26    merc23071602.mrc   25.500000000000000     
          27    merc23071603.mrc   26.500000000000000     
          28    merc23071604.mrc   27.500000000000000     
          29    merc23071605.mrc   28.500000000000000     
          30    merc23071606.mrc   29.500000000000000     
          31    merc23071607.mrc   30.500000000000000     
          32    merc23071608.mrc   31.500000000000000     
          33    merc23071609.mrc   32.500000000000000     
          34    merc23071610.mrc   33.500000000000000     
          35    merc23071611.mrc   34.500000000000000     
          36    merc23071612.mrc   35.500000000000000     
          37    merc23071613.mrc   36.500000000000000     
          38    merc23071614.mrc   37.500000000000000     
          39    merc23071615.mrc   38.500000000000000     
          40    merc23071616.mrc   39.500000000000000     
          41    merc23071617.mrc   40.500000000000000     
          42    merc23071618.mrc   41.500000000000000     
          43    merc23071619.mrc   42.500000000000000     
          44    merc23071620.mrc   43.500000000000000     
          45    merc23071621.mrc   44.500000000000000     
          46    merc23071622.mrc   45.500000000000000     
          47    merc23071623.mrc   46.500000000000000     
          48    merc23071624.mrc   47.500000000000000     
  
 Forecast current directory = TEMP//////OCE/
 Reading forecast currents from file merc23071512.mrc
  
  
 Wind forecast files and times of wind records:
erai230715.eri      0.    1.    2.    3.    4.    5.    6.    7.    8.    9.   10.   11.   12.   13.   14.   15.   16.   17.   18.   19.   20.   21.   22.   23.
erai230716.eri     24.   25.   26.   27.   28.   29.   30.   31.   32.   33.   34.   35.   36.   37.   38.   39.   40.   41.   42.   43.   44.   45.   46.   47.
   12.062500000000000        12.000000000000000     
 Reading wind from file erai230715.eri, record           13
 Reading wind from file erai230715.eri, record           14
 No of coastal segments =            0

 Release of parcels:
 Time hrs =   0.12500000000000000     
     Minispill no.            1
     Parcels            1  to         1000
   13.062500000000000        13.000000000000000     
 Reading wind from file erai230715.eri, record           14
 Reading wind from file erai230715.eri, record           15
   14.062500000000000        14.000000000000000     
 Reading wind from file erai230715.eri, record           15
 Reading wind from file erai230715.eri, record           16
   15.062500000000000        15.000000000000000     
 Reading wind from file erai230715.eri, record           16
 Reading wind from file erai230715.eri, record           17
   16.062500000000000        16.000000000000000     
 Reading wind from file erai230715.eri, record           17
 Reading wind from file erai230715.eri, record           18
   17.062500000000000        17.000000000000000     
 Reading wind from file erai230715.eri, record           18
 Reading wind from file erai230715.eri, record           19
   18.062500000000000        18.000000000000000     
 Reading wind from file erai230715.eri, record           19
 Reading wind from file erai230715.eri, record           20
   19.062500000000000        19.000000000000000     
 Reading wind from file erai230715.eri, record           20
 Reading wind from file erai230715.eri, record           21
   20.062500000000000        20.000000000000000     
 Reading wind from file erai230715.eri, record           21
 Reading wind from file erai230715.eri, record           22
   21.062500000000000        21.000000000000000     
 Reading wind from file erai230715.eri, record           22
 Reading wind from file erai230715.eri, record           23
   22.062500000000000        22.000000000000000     
 Reading wind from file erai230715.eri, record           23
 Reading wind from file erai230715.eri, record           24
   23.062500000000000        23.000000000000000     
 Reading wind from file erai230715.eri, record           24
 Reading wind from file erai230716.eri, record            1
   24.062500000000000        24.000000000000000     
 Reading wind from file erai230716.eri, record            1
 Reading wind from file erai230716.eri, record            2
   25.062500000000000        25.000000000000000     
 Reading wind from file erai230716.eri, record            2
 Reading wind from file erai230716.eri, record            3
   26.062500000000000        26.000000000000000     
 Reading wind from file erai230716.eri, record            3
 Reading wind from file erai230716.eri, record            4
   27.062500000000000        27.000000000000000     
 Reading wind from file erai230716.eri, record            4
 Reading wind from file erai230716.eri, record            5
   28.062500000000000        28.000000000000000     
 Reading wind from file erai230716.eri, record            5
 Reading wind from file erai230716.eri, record            6
   29.062500000000000        29.000000000000000     
 Reading wind from file erai230716.eri, record            6
 Reading wind from file erai230716.eri, record            7
   30.062500000000000        30.000000000000000     
 Reading wind from file erai230716.eri, record            7
 Reading wind from file erai230716.eri, record            8
   31.062500000000000        31.000000000000000     
 Reading wind from file erai230716.eri, record            8
 Reading wind from file erai230716.eri, record            9
   32.062500000000000        32.000000000000000     
 Reading wind from file erai230716.eri, record            9
 Reading wind from file erai230716.eri, record           10
   33.062500000000000        33.000000000000000     
 Reading wind from file erai230716.eri, record           10
 Reading wind from file erai230716.eri, record           11
   34.062500000000000        34.000000000000000     
 Reading wind from file erai230716.eri, record           11
 Reading wind from file erai230716.eri, record           12
   35.062500000000000        35.000000000000000     
 Reading wind from file erai230716.eri, record           12
 Reading wind from file erai230716.eri, record           13
